<?xml version="1.0" encoding="UTF-8"?>
<!-- Generated by org.testng.reporters.JUnitReportReporter -->
<testsuite skipped="0" hostname="YY047813" name="com.test.validatepage.HomePageTest" tests="2" failures="0" timestamp="19 Jul 2017 11:07:30 GMT" time="0.020" errors="0">
  <testcase name="hotelLinkNavigationTest" time="0.020" classname="com.test.validatepage.HomePageTest"/>
  <testcase name="linkDisplayTest" time="0.000" classname="com.test.validatepage.HomePageTest"/>
</testsuite> <!-- com.test.validatepage.HomePageTest -->
