<?xml version="1.0" encoding="UTF-8"?>
<!-- Generated by org.testng.reporters.JUnitReportReporter -->
<testsuite skipped="0" hostname="YY047813" name="com.selenium.parallel.paralleltest.TestParallel2Test" tests="1" failures="0" timestamp="29 Jun 2017 15:59:41 GMT" time="9.156" errors="0">
  <testcase name="testGmail" time="9.156" classname="com.selenium.parallel.paralleltest.TestParallel2Test"/>
</testsuite> <!-- com.selenium.parallel.paralleltest.TestParallel2Test -->
