<?xml version="1.0" encoding="UTF-8"?>
<!-- Generated by org.testng.reporters.JUnitReportReporter -->
<testsuite skipped="0" hostname="YY047813" name="com.test.validatepage.FlighPageTest" tests="2" failures="0" timestamp="18 Jul 2017 17:39:27 GMT" time="0.034" errors="0">
  <testcase name="elementsDisplayedTest" time="0.007" classname="com.test.validatepage.FlighPageTest"/>
  <testcase name="testNavigateToHome" time="0.027" classname="com.test.validatepage.FlighPageTest"/>
</testsuite> <!-- com.test.validatepage.FlighPageTest -->
