<?xml version="1.0" encoding="UTF-8"?>
<!-- Generated by org.testng.reporters.JUnitReportReporter -->
<testsuite skipped="0" hostname="YY047813" name="com.selenium.parallel.paralleltest.TestParallel1Test" tests="3" failures="0" timestamp="29 Jun 2017 17:12:34 GMT" time="4.624" errors="0">
  <testcase name="testTitle" time="0.020" classname="com.selenium.parallel.paralleltest.TestParallel1Test"/>
  <testcase name="firstTestMethod" time="4.542" classname="com.selenium.parallel.paralleltest.TestParallel1Test"/>
  <testcase name="testUserName" time="0.062" classname="com.selenium.parallel.paralleltest.TestParallel1Test"/>
</testsuite> <!-- com.selenium.parallel.paralleltest.TestParallel1Test -->
