<?xml version="1.0" encoding="UTF-8"?>
<!-- Generated by org.testng.reporters.JUnitReportReporter -->
<testsuite skipped="0" hostname="YY047813" name="com.test.validatepage.HomePageTest" tests="3" failures="0" timestamp="01 Aug 2017 17:56:15 GMT" time="18.162" errors="0">
  <testcase name="linkDisplayTest" time="0.270" classname="com.test.validatepage.HomePageTest"/>
  <testcase name="flightLinkNavigationTest" time="13.661" classname="com.test.validatepage.HomePageTest"/>
  <testcase name="hotelLinkNavigationTest" time="4.231" classname="com.test.validatepage.HomePageTest"/>
</testsuite> <!-- com.test.validatepage.HomePageTest -->
